;equates.asm
;../../z88dk-zxspectrum-equates.asm
prchr16.asm
uncchr16.asm
colchr16.asm
prchr08.asm
colchr08.asm
uncchr08.asm
scrollchar.asm
scrollpixel.asm
scrollattr.asm
decy.asm
getkey.asm
getrnda.asm
settempcolours.asm
atbc.asm
paperbinkc.asm
inverse.asm
lineto.asm
pointsub.asm
drawbresline.asm
drawln2.asm
plotsub.asm
unplotsub.asm
drawrel.asm
drawbrescircle.asm
ourpixadd.asm
tablepixadd.asm
getpraddr.asm
setpraddr.asm
border.asm
cls.asm
click.asm
invert.asm
delay.asm
printreg.asm
prbcd.asm
prhex.asm
prascii.asm
prstrng.asm
getattr.asm
printregticker.asm
calcstackticker.asm
multahboriel.asm
fill.asm
setpaper.asm
setink.asm
